<?xml version="1.0" encoding="UTF-8"?>
<!-- Generated by org.testng.reporters.JUnitXMLReporter -->
<testsuite ignored="0" hostname="LAPTOP-P96AM67F" failures="6" tests="8" name="PromoCodeTests" time="28.08" errors="0" timestamp="2025-08-08T12:46:16 IST">
  <testcase classname="TW.MarsAir.PromoTest" name="PromoCodes" time="2.648"/>
  <testcase classname="TW.MarsAir.PromoTest" name="PromoCodes" time="1.48">
    <failure type="java.lang.AssertionError" message="expected [true] but found [false]">
      <![CDATA[java.lang.AssertionError: expected [true] but found [false]
at TW.MarsAir.PromoTest.PromoCodes(PromoTest.java:64)
at java.base/java.util.ArrayList.forEach(ArrayList.java:1511)
... Removed 35 stack frames]]>
    </failure>
  </testcase> <!-- PromoCodes -->
  <testcase classname="TW.MarsAir.PromoTest" name="PromoCodes" time="2.478">
    <failure type="java.lang.AssertionError" message="expected [true] but found [false]">
      <![CDATA[java.lang.AssertionError: expected [true] but found [false]
at TW.MarsAir.PromoTest.PromoCodes(PromoTest.java:64)
at java.base/java.util.ArrayList.forEach(ArrayList.java:1511)
... Removed 35 stack frames]]>
    </failure>
  </testcase> <!-- PromoCodes -->
  <testcase classname="TW.MarsAir.PromoTest" name="PromoCodes" time="3.491">
    <failure type="java.lang.AssertionError" message="expected [true] but found [false]">
      <![CDATA[java.lang.AssertionError: expected [true] but found [false]
at TW.MarsAir.PromoTest.PromoCodes(PromoTest.java:64)
at java.base/java.util.ArrayList.forEach(ArrayList.java:1511)
... Removed 35 stack frames]]>
    </failure>
  </testcase> <!-- PromoCodes -->
  <testcase classname="TW.MarsAir.PromoTest" name="PromoCodes" time="1.918">
    <failure type="java.lang.AssertionError" message="expected [true] but found [false]">
      <![CDATA[java.lang.AssertionError: expected [true] but found [false]
at TW.MarsAir.PromoTest.PromoCodes(PromoTest.java:64)
at java.base/java.util.ArrayList.forEach(ArrayList.java:1511)
... Removed 35 stack frames]]>
    </failure>
  </testcase> <!-- PromoCodes -->
  <testcase classname="TW.MarsAir.PromoTest" name="PromoCodes" time="2.829"/>
  <testcase classname="TW.MarsAir.PromoTest" name="PromoCodes" time="2.367">
    <failure type="java.lang.AssertionError" message="expected [true] but found [false]">
      <![CDATA[java.lang.AssertionError: expected [true] but found [false]
at TW.MarsAir.PromoTest.PromoCodes(PromoTest.java:64)
at java.base/java.util.ArrayList.forEach(ArrayList.java:1511)
... Removed 35 stack frames]]>
    </failure>
  </testcase> <!-- PromoCodes -->
  <testcase classname="TW.MarsAir.PromoTest" name="PromoCodes" time="2.381">
    <failure type="java.lang.AssertionError" message="expected [true] but found [false]">
      <![CDATA[java.lang.AssertionError: expected [true] but found [false]
at TW.MarsAir.PromoTest.PromoCodes(PromoTest.java:64)
at java.base/java.util.ArrayList.forEach(ArrayList.java:1511)
... Removed 35 stack frames]]>
    </failure>
  </testcase> <!-- PromoCodes -->
</testsuite> <!-- PromoCodeTests -->
