<!DOCTYPE html PUBLIC "-//W3C//DTD XHTML 1.1//EN" "https://www.w3.org/TR/xhtml11/DTD/xhtml11.dtd">
<html xmlns="https://www.w3.org/1999/xhtml">
<head>
<meta http-equiv="content-type" content="text/html; charset=UTF-8"/>
<title>TestNG Report</title>
<style type="text/css">table {margin-bottom:10px;border-collapse:collapse;empty-cells:show}th,td {border:1px solid #009;padding:.25em .5em}th {vertical-align:bottom}td {vertical-align:top}table a {font-weight:bold}.stripe td {background-color: #E6EBF9}.num {text-align:right}.passedodd td {background-color: #3F3}.passedeven td {background-color: #0A0}.skippedodd td {background-color: #DDD}.skippedeven td {background-color: #CCC}.failedodd td,.attn {background-color: #F33}.failedeven td,.stripe .attn {background-color: #D00}.stacktrace {white-space:pre;font-family:monospace}.totop {font-size:85%;text-align:center;border-bottom:2px solid #000}.invisible {display:none}</style>
</head>
<body>
<table>
<tr><th>Test</th><th># Passed</th><th># Skipped</th><th># Retried</th><th># Failed</th><th>Time (ms)</th><th>Included Groups</th><th>Excluded Groups</th></tr>
<tr><th colspan="8">MyTestSuite</th></tr>
<tr><td><a href="#t0">PromoCodeTests</a></td><td class="num">2</td><td class="num">0</td><td class="num">0</td><td class="num attn">6</td><td class="num">28,080</td><td></td><td></td></tr>
</table>
<table id='summary'><thead><tr><th>Class</th><th>Method</th><th>Start</th><th>Time (ms)</th></tr></thead><tbody><tr><th colspan="4">MyTestSuite</th></tr></tbody><tbody id="t0"><tr><th colspan="4">PromoCodeTests &#8212; failed</th></tr><tr class="failedeven"><td rowspan="6">TW.MarsAir.PromoTest</td><td><a href="#m0">PromoCodes</a></td><td rowspan="6">1754637373369</td><td rowspan="6">2381</td></tr><tr class="failedeven"><td><a href="#m1">PromoCodes</a></td></tr><tr class="failedeven"><td><a href="#m2">PromoCodes</a></td></tr><tr class="failedeven"><td><a href="#m3">PromoCodes</a></td></tr><tr class="failedeven"><td><a href="#m4">PromoCodes</a></td></tr><tr class="failedeven"><td><a href="#m5">PromoCodes</a></td></tr><tr><th colspan="4">PromoCodeTests &#8212; passed</th></tr><tr class="passedeven"><td rowspan="2">TW.MarsAir.PromoTest</td><td><a href="#m6">PromoCodes</a></td><td rowspan="2">1754637356146</td><td rowspan="2">2648</td></tr><tr class="passedeven"><td><a href="#m7">PromoCodes</a></td></tr></tbody>
</table>
<h2>PromoCodeTests</h2><h3 id="m0">TW.MarsAir.PromoTest#PromoCodes</h3><table class="result"><tr class="param"><th>Parameter #1</th><th>Parameter #2</th></tr><tr class="param stripe"><td>AF3XFJKS126</td><td>not valid</td></tr><tr><th colspan="2">Messages</th></tr><tr><td colspan="2"><div class="messages">Promo Code Used: AF3XFJKS126<br/>Expected: not valid<br/>Actual: Promotional code AF3XFJKS126 used: 30% discount!</div></td></tr><tr><th colspan="2">Exception</th></tr><tr><td colspan="2"><div class="stacktrace">java.lang.AssertionError: expected [true] but found [false]
	at TW.MarsAir.PromoTest.PromoCodes(PromoTest.java:64)
	at java.base/java.util.ArrayList.forEach(ArrayList.java:1511)
... Removed 35 stack frames</div></td></tr></table><p class="totop"><a href="#summary">back to summary</a></p>
<h3 id="m1">TW.MarsAir.PromoTest#PromoCodes</h3><table class="result"><tr class="param"><th>Parameter #1</th><th>Parameter #2</th></tr><tr class="param stripe"><td>  3-   - 14</td><td>not valid</td></tr><tr><th colspan="2">Messages</th></tr><tr><td colspan="2"><div class="messages">Promo Code Used:   3-   - 14<br/>Expected: not valid<br/>Actual: Promotional code 3- - 14 used: 30% discount!</div></td></tr><tr><th colspan="2">Exception</th></tr><tr><td colspan="2"><div class="stacktrace">java.lang.AssertionError: expected [true] but found [false]
	at TW.MarsAir.PromoTest.PromoCodes(PromoTest.java:64)
	at java.base/java.util.ArrayList.forEach(ArrayList.java:1511)
... Removed 35 stack frames</div></td></tr></table><p class="totop"><a href="#summary">back to summary</a></p>
<h3 id="m2">TW.MarsAir.PromoTest#PromoCodes</h3><table class="result"><tr class="param"><th>Parameter #1</th><th>Parameter #2</th></tr><tr class="param stripe"><td>AFS-FJK-123</td><td>not valid</td></tr><tr><th colspan="2">Messages</th></tr><tr><td colspan="2"><div class="messages">Promo Code Used: AFS-FJK-123<br/>Expected: not valid<br/>Actual: Promotional code AFS-FJK-123 used: 00% discount!</div></td></tr><tr><th colspan="2">Exception</th></tr><tr><td colspan="2"><div class="stacktrace">java.lang.AssertionError: expected [true] but found [false]
	at TW.MarsAir.PromoTest.PromoCodes(PromoTest.java:64)
	at java.base/java.util.ArrayList.forEach(ArrayList.java:1511)
... Removed 35 stack frames</div></td></tr></table><p class="totop"><a href="#summary">back to summary</a></p>
<h3 id="m3">TW.MarsAir.PromoTest#PromoCodes</h3><table class="result"><tr class="param"><th>Parameter #1</th><th>Parameter #2</th></tr><tr class="param stripe"><td>AF3-FJK-A14</td><td>not valid</td></tr><tr><th colspan="2">Messages</th></tr><tr><td colspan="2"><div class="messages">Promo Code Used: AF3-FJK-A14<br/>Expected: not valid<br/>Actual: Promotional code AF3-FJK-A14 used: 30% discount!</div></td></tr><tr><th colspan="2">Exception</th></tr><tr><td colspan="2"><div class="stacktrace">java.lang.AssertionError: expected [true] but found [false]
	at TW.MarsAir.PromoTest.PromoCodes(PromoTest.java:64)
	at java.base/java.util.ArrayList.forEach(ArrayList.java:1511)
... Removed 35 stack frames</div></td></tr></table><p class="totop"><a href="#summary">back to summary</a></p>
<h3 id="m4">TW.MarsAir.PromoTest#PromoCodes</h3><table class="result"><tr class="param"><th>Parameter #1</th><th>Parameter #2</th></tr><tr class="param stripe"><td>AFS-FJK-SS0</td><td>not valid</td></tr><tr><th colspan="2">Messages</th></tr><tr><td colspan="2"><div class="messages">Promo Code Used: AFS-FJK-SS0<br/>Expected: not valid<br/>Actual: Promotional code AFS-FJK-SS0 used: 00% discount!</div></td></tr><tr><th colspan="2">Exception</th></tr><tr><td colspan="2"><div class="stacktrace">java.lang.AssertionError: expected [true] but found [false]
	at TW.MarsAir.PromoTest.PromoCodes(PromoTest.java:64)
	at java.base/java.util.ArrayList.forEach(ArrayList.java:1511)
... Removed 35 stack frames</div></td></tr></table><p class="totop"><a href="#summary">back to summary</a></p>
<h3 id="m5">TW.MarsAir.PromoTest#PromoCodes</h3><table class="result"><tr class="param"><th>Parameter #1</th><th>Parameter #2</th></tr><tr class="param stripe"><td>AF3-FJK-AB3</td><td>not valid</td></tr><tr><th colspan="2">Messages</th></tr><tr><td colspan="2"><div class="messages">Promo Code Used: AF3-FJK-AB3<br/>Expected: not valid<br/>Actual: Promotional code AF3-FJK-AB3 used: 30% discount!</div></td></tr><tr><th colspan="2">Exception</th></tr><tr><td colspan="2"><div class="stacktrace">java.lang.AssertionError: expected [true] but found [false]
	at TW.MarsAir.PromoTest.PromoCodes(PromoTest.java:64)
	at java.base/java.util.ArrayList.forEach(ArrayList.java:1511)
... Removed 35 stack frames</div></td></tr></table><p class="totop"><a href="#summary">back to summary</a></p>
<h3 id="m6">TW.MarsAir.PromoTest#PromoCodes</h3><table class="result"><tr class="param"><th>Parameter #1</th><th>Parameter #2</th></tr><tr class="param stripe"><td>XXX</td><td>not valid</td></tr><tr><th colspan="2">Messages</th></tr><tr><td colspan="2"><div class="messages">Promo Code Used: XXX<br/>Expected: not valid<br/>Actual: Sorry, code XXX is not valid</div></td></tr></table><p class="totop"><a href="#summary">back to summary</a></p>
<h3 id="m7">TW.MarsAir.PromoTest#PromoCodes</h3><table class="result"><tr class="param"><th>Parameter #1</th><th>Parameter #2</th></tr><tr class="param stripe"><td>AFS-FJK-XYZ</td><td>not valid</td></tr><tr><th colspan="2">Messages</th></tr><tr><td colspan="2"><div class="messages">Promo Code Used: AFS-FJK-XYZ<br/>Expected: not valid<br/>Actual: Sorry, code AFS-FJK-XYZ is not valid</div></td></tr></table><p class="totop"><a href="#summary">back to summary</a></p>
</body>
</html>
