<?xml version="1.0" encoding="UTF-8"?>
<testng-results ignored="0" total="8" passed="2" failed="6" skipped="0">
  <reporter-output>
    <line>
      <![CDATA[Promo Code Used: XXX]]>
    </line>
    <line>
      <![CDATA[Expected: not valid]]>
    </line>
    <line>
      <![CDATA[Actual: Sorry, code XXX is not valid]]>
    </line>
    <line>
      <![CDATA[Promo Code Used: AFS-FJK-123]]>
    </line>
    <line>
      <![CDATA[Expected: not valid]]>
    </line>
    <line>
      <![CDATA[Actual: Promotional code AFS-FJK-123 used: 00% discount!]]>
    </line>
    <line>
      <![CDATA[Promo Code Used: AFS-FJK-SS0]]>
    </line>
    <line>
      <![CDATA[Expected: not valid]]>
    </line>
    <line>
      <![CDATA[Actual: Promotional code AFS-FJK-SS0 used: 00% discount!]]>
    </line>
    <line>
      <![CDATA[Promo Code Used: AF3-FJK-A14]]>
    </line>
    <line>
      <![CDATA[Expected: not valid]]>
    </line>
    <line>
      <![CDATA[Actual: Promotional code AF3-FJK-A14 used: 30% discount!]]>
    </line>
    <line>
      <![CDATA[Promo Code Used: AF3-FJK-AB3]]>
    </line>
    <line>
      <![CDATA[Expected: not valid]]>
    </line>
    <line>
      <![CDATA[Actual: Promotional code AF3-FJK-AB3 used: 30% discount!]]>
    </line>
    <line>
      <![CDATA[Promo Code Used: AFS-FJK-XYZ]]>
    </line>
    <line>
      <![CDATA[Expected: not valid]]>
    </line>
    <line>
      <![CDATA[Actual: Sorry, code AFS-FJK-XYZ is not valid]]>
    </line>
    <line>
      <![CDATA[Promo Code Used:   3-   - 14]]>
    </line>
    <line>
      <![CDATA[Expected: not valid]]>
    </line>
    <line>
      <![CDATA[Actual: Promotional code 3- - 14 used: 30% discount!]]>
    </line>
    <line>
      <![CDATA[Promo Code Used: AF3XFJKS126]]>
    </line>
    <line>
      <![CDATA[Expected: not valid]]>
    </line>
    <line>
      <![CDATA[Actual: Promotional code AF3XFJKS126 used: 30% discount!]]>
    </line>
  </reporter-output>
  <suite started-at="2025-08-08T12:45:48 IST" name="MyTestSuite" finished-at="2025-08-08T12:46:16 IST" duration-ms="28080">
    <groups>
    </groups>
    <test started-at="2025-08-08T12:45:48 IST" name="PromoCodeTests" finished-at="2025-08-08T12:46:16 IST" duration-ms="28080">
      <class name="TW.MarsAir.PromoTest">
        <test-method is-config="true" signature="setBroswer()[pri:0, instance:TW.MarsAir.PromoTest@479d31f3]" started-at="2025-08-08T12:45:48 IST" name="setBroswer" finished-at="2025-08-08T12:45:56 IST" duration-ms="7827" status="PASS">
          <reporter-output>
          </reporter-output>
        </test-method> <!-- setBroswer -->
        <test-method signature="PromoCodes(java.lang.String,java.lang.String)[pri:0, instance:TW.MarsAir.PromoTest@479d31f3]" started-at="2025-08-08T12:45:56 IST" name="PromoCodes" data-provider="getPromo" finished-at="2025-08-08T12:45:58 IST" duration-ms="2648" status="PASS">
          <params>
            <param index="0">
              <value>
                <![CDATA[XXX]]>
              </value>
            </param>
            <param index="1">
              <value>
                <![CDATA[not valid]]>
              </value>
            </param>
          </params>
          <reporter-output>
            <line>
              <![CDATA[Promo Code Used: XXX]]>
            </line>
            <line>
              <![CDATA[Expected: not valid]]>
            </line>
            <line>
              <![CDATA[Actual: Sorry, code XXX is not valid]]>
            </line>
          </reporter-output>
        </test-method> <!-- PromoCodes -->
        <test-method signature="PromoCodes(java.lang.String,java.lang.String)[pri:0, instance:TW.MarsAir.PromoTest@479d31f3]" started-at="2025-08-08T12:45:58 IST" name="PromoCodes" data-provider="getPromo" finished-at="2025-08-08T12:46:00 IST" duration-ms="1480" status="FAIL">
          <params>
            <param index="0">
              <value>
                <![CDATA[AFS-FJK-123]]>
              </value>
            </param>
            <param index="1">
              <value>
                <![CDATA[not valid]]>
              </value>
            </param>
          </params>
          <exception class="java.lang.AssertionError">
            <message>
              <![CDATA[expected [true] but found [false]]]>
            </message>
            <full-stacktrace>
              <![CDATA[java.lang.AssertionError: expected [true] but found [false]
at org.testng.Assert.fail(Assert.java:111)
at org.testng.Assert.failNotEquals(Assert.java:1578)
at org.testng.Assert.assertTrue(Assert.java:57)
at org.testng.Assert.assertTrue(Assert.java:67)
at TW.MarsAir.PromoTest.PromoCodes(PromoTest.java:64)
at java.base/jdk.internal.reflect.NativeMethodAccessorImpl.invoke0(Native Method)
at java.base/jdk.internal.reflect.NativeMethodAccessorImpl.invoke(NativeMethodAccessorImpl.java:77)
at java.base/jdk.internal.reflect.DelegatingMethodAccessorImpl.invoke(DelegatingMethodAccessorImpl.java:43)
at java.base/java.lang.reflect.Method.invoke(Method.java:568)
at org.testng.internal.invokers.MethodInvocationHelper.invokeMethod(MethodInvocationHelper.java:139)
at org.testng.internal.invokers.TestInvoker.invokeMethod(TestInvoker.java:664)
at org.testng.internal.invokers.TestInvoker.invokeTestMethod(TestInvoker.java:228)
at org.testng.internal.invokers.MethodRunner.runInSequence(MethodRunner.java:63)
at org.testng.internal.invokers.TestInvoker$MethodInvocationAgent.invoke(TestInvoker.java:961)
at org.testng.internal.invokers.TestInvoker.invokeTestMethods(TestInvoker.java:201)
at org.testng.internal.invokers.TestMethodWorker.invokeTestMethods(TestMethodWorker.java:148)
at org.testng.internal.invokers.TestMethodWorker.run(TestMethodWorker.java:128)
at java.base/java.util.ArrayList.forEach(ArrayList.java:1511)
at org.testng.TestRunner.privateRun(TestRunner.java:819)
at org.testng.TestRunner.run(TestRunner.java:619)
at org.testng.SuiteRunner.runTest(SuiteRunner.java:443)
at org.testng.SuiteRunner.runSequentially(SuiteRunner.java:437)
at org.testng.SuiteRunner.privateRun(SuiteRunner.java:397)
at org.testng.SuiteRunner.run(SuiteRunner.java:336)
at org.testng.SuiteRunnerWorker.runSuite(SuiteRunnerWorker.java:52)
at org.testng.SuiteRunnerWorker.run(SuiteRunnerWorker.java:95)
at org.testng.TestNG.runSuitesSequentially(TestNG.java:1301)
at org.testng.TestNG.runSuitesLocally(TestNG.java:1228)
at org.testng.TestNG.runSuites(TestNG.java:1134)
at org.testng.TestNG.run(TestNG.java:1101)
at org.apache.maven.surefire.testng.TestNGExecutor.run(TestNGExecutor.java:308)
at org.apache.maven.surefire.testng.TestNGXmlTestSuite.execute(TestNGXmlTestSuite.java:71)
at org.apache.maven.surefire.testng.TestNGProvider.invoke(TestNGProvider.java:113)
at org.apache.maven.surefire.booter.ForkedBooter.runSuitesInProcess(ForkedBooter.java:385)
at org.apache.maven.surefire.booter.ForkedBooter.execute(ForkedBooter.java:162)
at org.apache.maven.surefire.booter.ForkedBooter.run(ForkedBooter.java:507)
at org.apache.maven.surefire.booter.ForkedBooter.main(ForkedBooter.java:495)
]]>
            </full-stacktrace>
          </exception> <!-- java.lang.AssertionError -->
          <reporter-output>
            <line>
              <![CDATA[Promo Code Used: AFS-FJK-123]]>
            </line>
            <line>
              <![CDATA[Expected: not valid]]>
            </line>
            <line>
              <![CDATA[Actual: Promotional code AFS-FJK-123 used: 00% discount!]]>
            </line>
          </reporter-output>
        </test-method> <!-- PromoCodes -->
        <test-method signature="PromoCodes(java.lang.String,java.lang.String)[pri:0, instance:TW.MarsAir.PromoTest@479d31f3]" started-at="2025-08-08T12:46:00 IST" name="PromoCodes" data-provider="getPromo" finished-at="2025-08-08T12:46:02 IST" duration-ms="2478" status="FAIL">
          <params>
            <param index="0">
              <value>
                <![CDATA[AFS-FJK-SS0]]>
              </value>
            </param>
            <param index="1">
              <value>
                <![CDATA[not valid]]>
              </value>
            </param>
          </params>
          <exception class="java.lang.AssertionError">
            <message>
              <![CDATA[expected [true] but found [false]]]>
            </message>
            <full-stacktrace>
              <![CDATA[java.lang.AssertionError: expected [true] but found [false]
at org.testng.Assert.fail(Assert.java:111)
at org.testng.Assert.failNotEquals(Assert.java:1578)
at org.testng.Assert.assertTrue(Assert.java:57)
at org.testng.Assert.assertTrue(Assert.java:67)
at TW.MarsAir.PromoTest.PromoCodes(PromoTest.java:64)
at java.base/jdk.internal.reflect.NativeMethodAccessorImpl.invoke0(Native Method)
at java.base/jdk.internal.reflect.NativeMethodAccessorImpl.invoke(NativeMethodAccessorImpl.java:77)
at java.base/jdk.internal.reflect.DelegatingMethodAccessorImpl.invoke(DelegatingMethodAccessorImpl.java:43)
at java.base/java.lang.reflect.Method.invoke(Method.java:568)
at org.testng.internal.invokers.MethodInvocationHelper.invokeMethod(MethodInvocationHelper.java:139)
at org.testng.internal.invokers.TestInvoker.invokeMethod(TestInvoker.java:664)
at org.testng.internal.invokers.TestInvoker.invokeTestMethod(TestInvoker.java:228)
at org.testng.internal.invokers.MethodRunner.runInSequence(MethodRunner.java:63)
at org.testng.internal.invokers.TestInvoker$MethodInvocationAgent.invoke(TestInvoker.java:961)
at org.testng.internal.invokers.TestInvoker.invokeTestMethods(TestInvoker.java:201)
at org.testng.internal.invokers.TestMethodWorker.invokeTestMethods(TestMethodWorker.java:148)
at org.testng.internal.invokers.TestMethodWorker.run(TestMethodWorker.java:128)
at java.base/java.util.ArrayList.forEach(ArrayList.java:1511)
at org.testng.TestRunner.privateRun(TestRunner.java:819)
at org.testng.TestRunner.run(TestRunner.java:619)
at org.testng.SuiteRunner.runTest(SuiteRunner.java:443)
at org.testng.SuiteRunner.runSequentially(SuiteRunner.java:437)
at org.testng.SuiteRunner.privateRun(SuiteRunner.java:397)
at org.testng.SuiteRunner.run(SuiteRunner.java:336)
at org.testng.SuiteRunnerWorker.runSuite(SuiteRunnerWorker.java:52)
at org.testng.SuiteRunnerWorker.run(SuiteRunnerWorker.java:95)
at org.testng.TestNG.runSuitesSequentially(TestNG.java:1301)
at org.testng.TestNG.runSuitesLocally(TestNG.java:1228)
at org.testng.TestNG.runSuites(TestNG.java:1134)
at org.testng.TestNG.run(TestNG.java:1101)
at org.apache.maven.surefire.testng.TestNGExecutor.run(TestNGExecutor.java:308)
at org.apache.maven.surefire.testng.TestNGXmlTestSuite.execute(TestNGXmlTestSuite.java:71)
at org.apache.maven.surefire.testng.TestNGProvider.invoke(TestNGProvider.java:113)
at org.apache.maven.surefire.booter.ForkedBooter.runSuitesInProcess(ForkedBooter.java:385)
at org.apache.maven.surefire.booter.ForkedBooter.execute(ForkedBooter.java:162)
at org.apache.maven.surefire.booter.ForkedBooter.run(ForkedBooter.java:507)
at org.apache.maven.surefire.booter.ForkedBooter.main(ForkedBooter.java:495)
]]>
            </full-stacktrace>
          </exception> <!-- java.lang.AssertionError -->
          <reporter-output>
            <line>
              <![CDATA[Promo Code Used: AFS-FJK-SS0]]>
            </line>
            <line>
              <![CDATA[Expected: not valid]]>
            </line>
            <line>
              <![CDATA[Actual: Promotional code AFS-FJK-SS0 used: 00% discount!]]>
            </line>
          </reporter-output>
        </test-method> <!-- PromoCodes -->
        <test-method signature="PromoCodes(java.lang.String,java.lang.String)[pri:0, instance:TW.MarsAir.PromoTest@479d31f3]" started-at="2025-08-08T12:46:02 IST" name="PromoCodes" data-provider="getPromo" finished-at="2025-08-08T12:46:06 IST" duration-ms="3491" status="FAIL">
          <params>
            <param index="0">
              <value>
                <![CDATA[AF3-FJK-A14]]>
              </value>
            </param>
            <param index="1">
              <value>
                <![CDATA[not valid]]>
              </value>
            </param>
          </params>
          <exception class="java.lang.AssertionError">
            <message>
              <![CDATA[expected [true] but found [false]]]>
            </message>
            <full-stacktrace>
              <![CDATA[java.lang.AssertionError: expected [true] but found [false]
at org.testng.Assert.fail(Assert.java:111)
at org.testng.Assert.failNotEquals(Assert.java:1578)
at org.testng.Assert.assertTrue(Assert.java:57)
at org.testng.Assert.assertTrue(Assert.java:67)
at TW.MarsAir.PromoTest.PromoCodes(PromoTest.java:64)
at java.base/jdk.internal.reflect.NativeMethodAccessorImpl.invoke0(Native Method)
at java.base/jdk.internal.reflect.NativeMethodAccessorImpl.invoke(NativeMethodAccessorImpl.java:77)
at java.base/jdk.internal.reflect.DelegatingMethodAccessorImpl.invoke(DelegatingMethodAccessorImpl.java:43)
at java.base/java.lang.reflect.Method.invoke(Method.java:568)
at org.testng.internal.invokers.MethodInvocationHelper.invokeMethod(MethodInvocationHelper.java:139)
at org.testng.internal.invokers.TestInvoker.invokeMethod(TestInvoker.java:664)
at org.testng.internal.invokers.TestInvoker.invokeTestMethod(TestInvoker.java:228)
at org.testng.internal.invokers.MethodRunner.runInSequence(MethodRunner.java:63)
at org.testng.internal.invokers.TestInvoker$MethodInvocationAgent.invoke(TestInvoker.java:961)
at org.testng.internal.invokers.TestInvoker.invokeTestMethods(TestInvoker.java:201)
at org.testng.internal.invokers.TestMethodWorker.invokeTestMethods(TestMethodWorker.java:148)
at org.testng.internal.invokers.TestMethodWorker.run(TestMethodWorker.java:128)
at java.base/java.util.ArrayList.forEach(ArrayList.java:1511)
at org.testng.TestRunner.privateRun(TestRunner.java:819)
at org.testng.TestRunner.run(TestRunner.java:619)
at org.testng.SuiteRunner.runTest(SuiteRunner.java:443)
at org.testng.SuiteRunner.runSequentially(SuiteRunner.java:437)
at org.testng.SuiteRunner.privateRun(SuiteRunner.java:397)
at org.testng.SuiteRunner.run(SuiteRunner.java:336)
at org.testng.SuiteRunnerWorker.runSuite(SuiteRunnerWorker.java:52)
at org.testng.SuiteRunnerWorker.run(SuiteRunnerWorker.java:95)
at org.testng.TestNG.runSuitesSequentially(TestNG.java:1301)
at org.testng.TestNG.runSuitesLocally(TestNG.java:1228)
at org.testng.TestNG.runSuites(TestNG.java:1134)
at org.testng.TestNG.run(TestNG.java:1101)
at org.apache.maven.surefire.testng.TestNGExecutor.run(TestNGExecutor.java:308)
at org.apache.maven.surefire.testng.TestNGXmlTestSuite.execute(TestNGXmlTestSuite.java:71)
at org.apache.maven.surefire.testng.TestNGProvider.invoke(TestNGProvider.java:113)
at org.apache.maven.surefire.booter.ForkedBooter.runSuitesInProcess(ForkedBooter.java:385)
at org.apache.maven.surefire.booter.ForkedBooter.execute(ForkedBooter.java:162)
at org.apache.maven.surefire.booter.ForkedBooter.run(ForkedBooter.java:507)
at org.apache.maven.surefire.booter.ForkedBooter.main(ForkedBooter.java:495)
]]>
            </full-stacktrace>
          </exception> <!-- java.lang.AssertionError -->
          <reporter-output>
            <line>
              <![CDATA[Promo Code Used: AF3-FJK-A14]]>
            </line>
            <line>
              <![CDATA[Expected: not valid]]>
            </line>
            <line>
              <![CDATA[Actual: Promotional code AF3-FJK-A14 used: 30% discount!]]>
            </line>
          </reporter-output>
        </test-method> <!-- PromoCodes -->
        <test-method signature="PromoCodes(java.lang.String,java.lang.String)[pri:0, instance:TW.MarsAir.PromoTest@479d31f3]" started-at="2025-08-08T12:46:06 IST" name="PromoCodes" data-provider="getPromo" finished-at="2025-08-08T12:46:08 IST" duration-ms="1918" status="FAIL">
          <params>
            <param index="0">
              <value>
                <![CDATA[AF3-FJK-AB3]]>
              </value>
            </param>
            <param index="1">
              <value>
                <![CDATA[not valid]]>
              </value>
            </param>
          </params>
          <exception class="java.lang.AssertionError">
            <message>
              <![CDATA[expected [true] but found [false]]]>
            </message>
            <full-stacktrace>
              <![CDATA[java.lang.AssertionError: expected [true] but found [false]
at org.testng.Assert.fail(Assert.java:111)
at org.testng.Assert.failNotEquals(Assert.java:1578)
at org.testng.Assert.assertTrue(Assert.java:57)
at org.testng.Assert.assertTrue(Assert.java:67)
at TW.MarsAir.PromoTest.PromoCodes(PromoTest.java:64)
at java.base/jdk.internal.reflect.NativeMethodAccessorImpl.invoke0(Native Method)
at java.base/jdk.internal.reflect.NativeMethodAccessorImpl.invoke(NativeMethodAccessorImpl.java:77)
at java.base/jdk.internal.reflect.DelegatingMethodAccessorImpl.invoke(DelegatingMethodAccessorImpl.java:43)
at java.base/java.lang.reflect.Method.invoke(Method.java:568)
at org.testng.internal.invokers.MethodInvocationHelper.invokeMethod(MethodInvocationHelper.java:139)
at org.testng.internal.invokers.TestInvoker.invokeMethod(TestInvoker.java:664)
at org.testng.internal.invokers.TestInvoker.invokeTestMethod(TestInvoker.java:228)
at org.testng.internal.invokers.MethodRunner.runInSequence(MethodRunner.java:63)
at org.testng.internal.invokers.TestInvoker$MethodInvocationAgent.invoke(TestInvoker.java:961)
at org.testng.internal.invokers.TestInvoker.invokeTestMethods(TestInvoker.java:201)
at org.testng.internal.invokers.TestMethodWorker.invokeTestMethods(TestMethodWorker.java:148)
at org.testng.internal.invokers.TestMethodWorker.run(TestMethodWorker.java:128)
at java.base/java.util.ArrayList.forEach(ArrayList.java:1511)
at org.testng.TestRunner.privateRun(TestRunner.java:819)
at org.testng.TestRunner.run(TestRunner.java:619)
at org.testng.SuiteRunner.runTest(SuiteRunner.java:443)
at org.testng.SuiteRunner.runSequentially(SuiteRunner.java:437)
at org.testng.SuiteRunner.privateRun(SuiteRunner.java:397)
at org.testng.SuiteRunner.run(SuiteRunner.java:336)
at org.testng.SuiteRunnerWorker.runSuite(SuiteRunnerWorker.java:52)
at org.testng.SuiteRunnerWorker.run(SuiteRunnerWorker.java:95)
at org.testng.TestNG.runSuitesSequentially(TestNG.java:1301)
at org.testng.TestNG.runSuitesLocally(TestNG.java:1228)
at org.testng.TestNG.runSuites(TestNG.java:1134)
at org.testng.TestNG.run(TestNG.java:1101)
at org.apache.maven.surefire.testng.TestNGExecutor.run(TestNGExecutor.java:308)
at org.apache.maven.surefire.testng.TestNGXmlTestSuite.execute(TestNGXmlTestSuite.java:71)
at org.apache.maven.surefire.testng.TestNGProvider.invoke(TestNGProvider.java:113)
at org.apache.maven.surefire.booter.ForkedBooter.runSuitesInProcess(ForkedBooter.java:385)
at org.apache.maven.surefire.booter.ForkedBooter.execute(ForkedBooter.java:162)
at org.apache.maven.surefire.booter.ForkedBooter.run(ForkedBooter.java:507)
at org.apache.maven.surefire.booter.ForkedBooter.main(ForkedBooter.java:495)
]]>
            </full-stacktrace>
          </exception> <!-- java.lang.AssertionError -->
          <reporter-output>
            <line>
              <![CDATA[Promo Code Used: AF3-FJK-AB3]]>
            </line>
            <line>
              <![CDATA[Expected: not valid]]>
            </line>
            <line>
              <![CDATA[Actual: Promotional code AF3-FJK-AB3 used: 30% discount!]]>
            </line>
          </reporter-output>
        </test-method> <!-- PromoCodes -->
        <test-method signature="PromoCodes(java.lang.String,java.lang.String)[pri:0, instance:TW.MarsAir.PromoTest@479d31f3]" started-at="2025-08-08T12:46:08 IST" name="PromoCodes" data-provider="getPromo" finished-at="2025-08-08T12:46:10 IST" duration-ms="2829" status="PASS">
          <params>
            <param index="0">
              <value>
                <![CDATA[AFS-FJK-XYZ]]>
              </value>
            </param>
            <param index="1">
              <value>
                <![CDATA[not valid]]>
              </value>
            </param>
          </params>
          <reporter-output>
            <line>
              <![CDATA[Promo Code Used: AFS-FJK-XYZ]]>
            </line>
            <line>
              <![CDATA[Expected: not valid]]>
            </line>
            <line>
              <![CDATA[Actual: Sorry, code AFS-FJK-XYZ is not valid]]>
            </line>
          </reporter-output>
        </test-method> <!-- PromoCodes -->
        <test-method signature="PromoCodes(java.lang.String,java.lang.String)[pri:0, instance:TW.MarsAir.PromoTest@479d31f3]" started-at="2025-08-08T12:46:11 IST" name="PromoCodes" data-provider="getPromo" finished-at="2025-08-08T12:46:13 IST" duration-ms="2367" status="FAIL">
          <params>
            <param index="0">
              <value>
                <![CDATA[  3-   - 14]]>
              </value>
            </param>
            <param index="1">
              <value>
                <![CDATA[not valid]]>
              </value>
            </param>
          </params>
          <exception class="java.lang.AssertionError">
            <message>
              <![CDATA[expected [true] but found [false]]]>
            </message>
            <full-stacktrace>
              <![CDATA[java.lang.AssertionError: expected [true] but found [false]
at org.testng.Assert.fail(Assert.java:111)
at org.testng.Assert.failNotEquals(Assert.java:1578)
at org.testng.Assert.assertTrue(Assert.java:57)
at org.testng.Assert.assertTrue(Assert.java:67)
at TW.MarsAir.PromoTest.PromoCodes(PromoTest.java:64)
at java.base/jdk.internal.reflect.NativeMethodAccessorImpl.invoke0(Native Method)
at java.base/jdk.internal.reflect.NativeMethodAccessorImpl.invoke(NativeMethodAccessorImpl.java:77)
at java.base/jdk.internal.reflect.DelegatingMethodAccessorImpl.invoke(DelegatingMethodAccessorImpl.java:43)
at java.base/java.lang.reflect.Method.invoke(Method.java:568)
at org.testng.internal.invokers.MethodInvocationHelper.invokeMethod(MethodInvocationHelper.java:139)
at org.testng.internal.invokers.TestInvoker.invokeMethod(TestInvoker.java:664)
at org.testng.internal.invokers.TestInvoker.invokeTestMethod(TestInvoker.java:228)
at org.testng.internal.invokers.MethodRunner.runInSequence(MethodRunner.java:63)
at org.testng.internal.invokers.TestInvoker$MethodInvocationAgent.invoke(TestInvoker.java:961)
at org.testng.internal.invokers.TestInvoker.invokeTestMethods(TestInvoker.java:201)
at org.testng.internal.invokers.TestMethodWorker.invokeTestMethods(TestMethodWorker.java:148)
at org.testng.internal.invokers.TestMethodWorker.run(TestMethodWorker.java:128)
at java.base/java.util.ArrayList.forEach(ArrayList.java:1511)
at org.testng.TestRunner.privateRun(TestRunner.java:819)
at org.testng.TestRunner.run(TestRunner.java:619)
at org.testng.SuiteRunner.runTest(SuiteRunner.java:443)
at org.testng.SuiteRunner.runSequentially(SuiteRunner.java:437)
at org.testng.SuiteRunner.privateRun(SuiteRunner.java:397)
at org.testng.SuiteRunner.run(SuiteRunner.java:336)
at org.testng.SuiteRunnerWorker.runSuite(SuiteRunnerWorker.java:52)
at org.testng.SuiteRunnerWorker.run(SuiteRunnerWorker.java:95)
at org.testng.TestNG.runSuitesSequentially(TestNG.java:1301)
at org.testng.TestNG.runSuitesLocally(TestNG.java:1228)
at org.testng.TestNG.runSuites(TestNG.java:1134)
at org.testng.TestNG.run(TestNG.java:1101)
at org.apache.maven.surefire.testng.TestNGExecutor.run(TestNGExecutor.java:308)
at org.apache.maven.surefire.testng.TestNGXmlTestSuite.execute(TestNGXmlTestSuite.java:71)
at org.apache.maven.surefire.testng.TestNGProvider.invoke(TestNGProvider.java:113)
at org.apache.maven.surefire.booter.ForkedBooter.runSuitesInProcess(ForkedBooter.java:385)
at org.apache.maven.surefire.booter.ForkedBooter.execute(ForkedBooter.java:162)
at org.apache.maven.surefire.booter.ForkedBooter.run(ForkedBooter.java:507)
at org.apache.maven.surefire.booter.ForkedBooter.main(ForkedBooter.java:495)
]]>
            </full-stacktrace>
          </exception> <!-- java.lang.AssertionError -->
          <reporter-output>
            <line>
              <![CDATA[Promo Code Used:   3-   - 14]]>
            </line>
            <line>
              <![CDATA[Expected: not valid]]>
            </line>
            <line>
              <![CDATA[Actual: Promotional code 3- - 14 used: 30% discount!]]>
            </line>
          </reporter-output>
        </test-method> <!-- PromoCodes -->
        <test-method signature="PromoCodes(java.lang.String,java.lang.String)[pri:0, instance:TW.MarsAir.PromoTest@479d31f3]" started-at="2025-08-08T12:46:13 IST" name="PromoCodes" data-provider="getPromo" finished-at="2025-08-08T12:46:15 IST" duration-ms="2381" status="FAIL">
          <params>
            <param index="0">
              <value>
                <![CDATA[AF3XFJKS126]]>
              </value>
            </param>
            <param index="1">
              <value>
                <![CDATA[not valid]]>
              </value>
            </param>
          </params>
          <exception class="java.lang.AssertionError">
            <message>
              <![CDATA[expected [true] but found [false]]]>
            </message>
            <full-stacktrace>
              <![CDATA[java.lang.AssertionError: expected [true] but found [false]
at org.testng.Assert.fail(Assert.java:111)
at org.testng.Assert.failNotEquals(Assert.java:1578)
at org.testng.Assert.assertTrue(Assert.java:57)
at org.testng.Assert.assertTrue(Assert.java:67)
at TW.MarsAir.PromoTest.PromoCodes(PromoTest.java:64)
at java.base/jdk.internal.reflect.NativeMethodAccessorImpl.invoke0(Native Method)
at java.base/jdk.internal.reflect.NativeMethodAccessorImpl.invoke(NativeMethodAccessorImpl.java:77)
at java.base/jdk.internal.reflect.DelegatingMethodAccessorImpl.invoke(DelegatingMethodAccessorImpl.java:43)
at java.base/java.lang.reflect.Method.invoke(Method.java:568)
at org.testng.internal.invokers.MethodInvocationHelper.invokeMethod(MethodInvocationHelper.java:139)
at org.testng.internal.invokers.TestInvoker.invokeMethod(TestInvoker.java:664)
at org.testng.internal.invokers.TestInvoker.invokeTestMethod(TestInvoker.java:228)
at org.testng.internal.invokers.MethodRunner.runInSequence(MethodRunner.java:63)
at org.testng.internal.invokers.TestInvoker$MethodInvocationAgent.invoke(TestInvoker.java:961)
at org.testng.internal.invokers.TestInvoker.invokeTestMethods(TestInvoker.java:201)
at org.testng.internal.invokers.TestMethodWorker.invokeTestMethods(TestMethodWorker.java:148)
at org.testng.internal.invokers.TestMethodWorker.run(TestMethodWorker.java:128)
at java.base/java.util.ArrayList.forEach(ArrayList.java:1511)
at org.testng.TestRunner.privateRun(TestRunner.java:819)
at org.testng.TestRunner.run(TestRunner.java:619)
at org.testng.SuiteRunner.runTest(SuiteRunner.java:443)
at org.testng.SuiteRunner.runSequentially(SuiteRunner.java:437)
at org.testng.SuiteRunner.privateRun(SuiteRunner.java:397)
at org.testng.SuiteRunner.run(SuiteRunner.java:336)
at org.testng.SuiteRunnerWorker.runSuite(SuiteRunnerWorker.java:52)
at org.testng.SuiteRunnerWorker.run(SuiteRunnerWorker.java:95)
at org.testng.TestNG.runSuitesSequentially(TestNG.java:1301)
at org.testng.TestNG.runSuitesLocally(TestNG.java:1228)
at org.testng.TestNG.runSuites(TestNG.java:1134)
at org.testng.TestNG.run(TestNG.java:1101)
at org.apache.maven.surefire.testng.TestNGExecutor.run(TestNGExecutor.java:308)
at org.apache.maven.surefire.testng.TestNGXmlTestSuite.execute(TestNGXmlTestSuite.java:71)
at org.apache.maven.surefire.testng.TestNGProvider.invoke(TestNGProvider.java:113)
at org.apache.maven.surefire.booter.ForkedBooter.runSuitesInProcess(ForkedBooter.java:385)
at org.apache.maven.surefire.booter.ForkedBooter.execute(ForkedBooter.java:162)
at org.apache.maven.surefire.booter.ForkedBooter.run(ForkedBooter.java:507)
at org.apache.maven.surefire.booter.ForkedBooter.main(ForkedBooter.java:495)
]]>
            </full-stacktrace>
          </exception> <!-- java.lang.AssertionError -->
          <reporter-output>
            <line>
              <![CDATA[Promo Code Used: AF3XFJKS126]]>
            </line>
            <line>
              <![CDATA[Expected: not valid]]>
            </line>
            <line>
              <![CDATA[Actual: Promotional code AF3XFJKS126 used: 30% discount!]]>
            </line>
          </reporter-output>
        </test-method> <!-- PromoCodes -->
        <test-method is-config="true" signature="closeBrowser()[pri:0, instance:TW.MarsAir.PromoTest@479d31f3]" started-at="2025-08-08T12:46:15 IST" name="closeBrowser" finished-at="2025-08-08T12:46:16 IST" duration-ms="616" status="PASS">
          <reporter-output>
          </reporter-output>
        </test-method> <!-- closeBrowser -->
      </class> <!-- TW.MarsAir.PromoTest -->
    </test> <!-- PromoCodeTests -->
  </suite> <!-- MyTestSuite -->
</testng-results>
